{"C:\\Users\\t-wakabayashi\\source\\gitrail\\src\\cli\\args.ts": {"path":"C:\\Users\\t-wakabayashi\\source\\gitrail\\src\\cli\\args.ts","statementMap":{"0":{"start":{"line":13,"column":16},"end":{"line":59,"column":null}},"1":{"start":{"line":63,"column":13},"end":{"line":69,"column":2}},"2":{"start":{"line":72,"column":2},"end":{"line":72,"column":null}},"3":{"start":{"line":73,"column":2},"end":{"line":73,"column":null}},"4":{"start":{"line":77,"column":18},"end":{"line":77,"column":39}},"5":{"start":{"line":81,"column":29},"end":{"line":81,"column":31}},"6":{"start":{"line":82,"column":2},"end":{"line":92,"column":null}},"7":{"start":{"line":82,"column":15},"end":{"line":82,"column":18}},"8":{"start":{"line":83,"column":16},"end":{"line":83,"column":null}},"9":{"start":{"line":84,"column":4},"end":{"line":92,"column":null}},"10":{"start":{"line":85,"column":18},"end":{"line":85,"column":null}},"11":{"start":{"line":86,"column":6},"end":{"line":88,"column":null}},"12":{"start":{"line":87,"column":8},"end":{"line":87,"column":null}},"13":{"start":{"line":88,"column":8},"end":{"line":88,"column":null}},"14":{"start":{"line":90,"column":15},"end":{"line":92,"column":null}},"15":{"start":{"line":91,"column":18},"end":{"line":91,"column":47}},"16":{"start":{"line":92,"column":6},"end":{"line":92,"column":null}},"17":{"start":{"line":92,"column":15},"end":{"line":92,"column":null}},"18":{"start":{"line":96,"column":8},"end":{"line":96,"column":49}},"19":{"start":{"line":101,"column":22},"end":{"line":101,"column":null}},"20":{"start":{"line":102,"column":20},"end":{"line":102,"column":null}},"21":{"start":{"line":103,"column":16},"end":{"line":103,"column":null}},"22":{"start":{"line":104,"column":21},"end":{"line":104,"column":null}},"23":{"start":{"line":105,"column":23},"end":{"line":105,"column":null}},"24":{"start":{"line":106,"column":25},"end":{"line":106,"column":null}},"25":{"start":{"line":107,"column":24},"end":{"line":107,"column":null}},"26":{"start":{"line":108,"column":19},"end":{"line":108,"column":null}},"27":{"start":{"line":109,"column":16},"end":{"line":109,"column":40}},"28":{"start":{"line":112,"column":2},"end":{"line":113,"column":null}},"29":{"start":{"line":113,"column":4},"end":{"line":113,"column":null}},"30":{"start":{"line":115,"column":2},"end":{"line":118,"column":null}},"31":{"start":{"line":116,"column":4},"end":{"line":118,"column":null}},"32":{"start":{"line":120,"column":2},"end":{"line":123,"column":null}},"33":{"start":{"line":121,"column":4},"end":{"line":123,"column":null}},"34":{"start":{"line":127,"column":2},"end":{"line":128,"column":null}},"35":{"start":{"line":128,"column":4},"end":{"line":128,"column":null}},"36":{"start":{"line":132,"column":2},"end":{"line":137,"column":null}},"37":{"start":{"line":133,"column":14},"end":{"line":133,"column":36}},"38":{"start":{"line":134,"column":4},"end":{"line":135,"column":null}},"39":{"start":{"line":135,"column":6},"end":{"line":135,"column":null}},"40":{"start":{"line":137,"column":4},"end":{"line":137,"column":null}},"41":{"start":{"line":141,"column":2},"end":{"line":146,"column":null}},"42":{"start":{"line":142,"column":14},"end":{"line":142,"column":35}},"43":{"start":{"line":143,"column":4},"end":{"line":144,"column":null}},"44":{"start":{"line":144,"column":6},"end":{"line":144,"column":null}},"45":{"start":{"line":146,"column":4},"end":{"line":146,"column":null}},"46":{"start":{"line":150,"column":2},"end":{"line":157,"column":null}},"47":{"start":{"line":151,"column":14},"end":{"line":151,"column":33}},"48":{"start":{"line":152,"column":4},"end":{"line":155,"column":null}},"49":{"start":{"line":153,"column":6},"end":{"line":155,"column":null}},"50":{"start":{"line":157,"column":4},"end":{"line":157,"column":null}},"51":{"start":{"line":161,"column":2},"end":{"line":162,"column":null}},"52":{"start":{"line":162,"column":4},"end":{"line":162,"column":null}},"53":{"start":{"line":165,"column":8},"end":{"line":165,"column":44}},"54":{"start":{"line":166,"column":2},"end":{"line":167,"column":null}},"55":{"start":{"line":167,"column":4},"end":{"line":167,"column":null}},"56":{"start":{"line":171,"column":2},"end":{"line":183,"column":null}},"57":{"start":{"line":172,"column":4},"end":{"line":172,"column":null}},"58":{"start":{"line":174,"column":4},"end":{"line":183,"column":null}},"59":{"start":{"line":175,"column":6},"end":{"line":176,"column":null}},"60":{"start":{"line":176,"column":8},"end":{"line":176,"column":null}},"61":{"start":{"line":178,"column":6},"end":{"line":179,"column":null}},"62":{"start":{"line":179,"column":8},"end":{"line":179,"column":null}},"63":{"start":{"line":183,"column":6},"end":{"line":183,"column":null}},"64":{"start":{"line":187,"column":8},"end":{"line":187,"column":46}},"65":{"start":{"line":188,"column":2},"end":{"line":189,"column":null}},"66":{"start":{"line":189,"column":4},"end":{"line":189,"column":null}},"67":{"start":{"line":193,"column":2},"end":{"line":208,"column":null}},"68":{"start":{"line":194,"column":4},"end":{"line":208,"column":null}},"69":{"start":{"line":195,"column":25},"end":{"line":198,"column":null}},"70":{"start":{"line":196,"column":8},"end":{"line":196,"column":null}},"71":{"start":{"line":196,"column":72},"end":{"line":196,"column":null}},"72":{"start":{"line":197,"column":8},"end":{"line":197,"column":null}},"73":{"start":{"line":199,"column":6},"end":{"line":199,"column":null}},"74":{"start":{"line":199,"column":31},"end":{"line":199,"column":null}},"75":{"start":{"line":201,"column":6},"end":{"line":208,"column":null}},"76":{"start":{"line":202,"column":21},"end":{"line":202,"column":83}},"77":{"start":{"line":203,"column":8},"end":{"line":203,"column":null}},"78":{"start":{"line":205,"column":8},"end":{"line":206,"column":null}},"79":{"start":{"line":206,"column":10},"end":{"line":206,"column":null}},"80":{"start":{"line":208,"column":8},"end":{"line":208,"column":null}},"81":{"start":{"line":215,"column":2},"end":{"line":224,"column":null}},"82":{"start":{"line":216,"column":4},"end":{"line":216,"column":null}},"83":{"start":{"line":218,"column":22},"end":{"line":218,"column":66}},"84":{"start":{"line":219,"column":4},"end":{"line":224,"column":null}},"85":{"start":{"line":220,"column":26},"end":{"line":220,"column":null}},"86":{"start":{"line":221,"column":23},"end":{"line":221,"column":56}},"87":{"start":{"line":222,"column":6},"end":{"line":222,"column":null}},"88":{"start":{"line":224,"column":6},"end":{"line":224,"column":null}},"89":{"start":{"line":228,"column":2},"end":{"line":241,"column":null}}},"fnMap":{"0":{"name":"userError","decl":{"start":{"line":71,"column":9},"end":{"line":71,"column":19}},"loc":{"start":{"line":71,"column":39},"end":{"line":73,"column":null}},"line":71},"1":{"name":"parseArgs","decl":{"start":{"line":76,"column":22},"end":{"line":76,"column":32}},"loc":{"start":{"line":76,"column":79},"end":{"line":241,"column":null}},"line":76},"2":{"name":"(anonymous_2)","decl":{"start":{"line":195,"column":76},"end":{"line":195,"column":83}},"loc":{"start":{"line":195,"column":98},"end":{"line":198,"column":null}},"line":195}},"branchMap":{"0":{"loc":{"start":{"line":84,"column":4},"end":{"line":92,"column":null}},"type":"if","locations":[{"start":{"line":84,"column":4},"end":{"line":92,"column":null}},{"start":{"line":90,"column":15},"end":{"line":92,"column":null}}],"line":84},"1":{"loc":{"start":{"line":86,"column":6},"end":{"line":88,"column":null}},"type":"if","locations":[{"start":{"line":86,"column":6},"end":{"line":88,"column":null}},{"start":{},"end":{}}],"line":86},"2":{"loc":{"start":{"line":86,"column":10},"end":{"line":86,"column":51}},"type":"binary-expr","locations":[{"start":{"line":86,"column":10},"end":{"line":86,"column":31}},{"start":{"line":86,"column":31},"end":{"line":86,"column":51}}],"line":86},"3":{"loc":{"start":{"line":90,"column":15},"end":{"line":92,"column":null}},"type":"if","locations":[{"start":{"line":90,"column":15},"end":{"line":92,"column":null}},{"start":{},"end":{}}],"line":90},"4":{"loc":{"start":{"line":92,"column":6},"end":{"line":92,"column":null}},"type":"if","locations":[{"start":{"line":92,"column":6},"end":{"line":92,"column":null}},{"start":{},"end":{}}],"line":92},"5":{"loc":{"start":{"line":104,"column":21},"end":{"line":104,"column":null}},"type":"binary-expr","locations":[{"start":{"line":104,"column":21},"end":{"line":104,"column":45}},{"start":{"line":104,"column":45},"end":{"line":104,"column":null}}],"line":104},"6":{"loc":{"start":{"line":112,"column":2},"end":{"line":113,"column":null}},"type":"if","locations":[{"start":{"line":112,"column":2},"end":{"line":113,"column":null}},{"start":{},"end":{}}],"line":112},"7":{"loc":{"start":{"line":112,"column":6},"end":{"line":112,"column":32}},"type":"binary-expr","locations":[{"start":{"line":112,"column":6},"end":{"line":112,"column":21}},{"start":{"line":112,"column":21},"end":{"line":112,"column":32}}],"line":112},"8":{"loc":{"start":{"line":115,"column":2},"end":{"line":118,"column":null}},"type":"if","locations":[{"start":{"line":115,"column":2},"end":{"line":118,"column":null}},{"start":{},"end":{}}],"line":115},"9":{"loc":{"start":{"line":115,"column":6},"end":{"line":115,"column":28}},"type":"binary-expr","locations":[{"start":{"line":115,"column":6},"end":{"line":115,"column":15}},{"start":{"line":115,"column":15},"end":{"line":115,"column":28}}],"line":115},"10":{"loc":{"start":{"line":120,"column":2},"end":{"line":123,"column":null}},"type":"if","locations":[{"start":{"line":120,"column":2},"end":{"line":123,"column":null}},{"start":{},"end":{}}],"line":120},"11":{"loc":{"start":{"line":120,"column":6},"end":{"line":120,"column":26}},"type":"binary-expr","locations":[{"start":{"line":120,"column":6},"end":{"line":120,"column":15}},{"start":{"line":120,"column":15},"end":{"line":120,"column":26}}],"line":120},"12":{"loc":{"start":{"line":127,"column":2},"end":{"line":128,"column":null}},"type":"if","locations":[{"start":{"line":127,"column":2},"end":{"line":128,"column":null}},{"start":{},"end":{}}],"line":127},"13":{"loc":{"start":{"line":132,"column":2},"end":{"line":137,"column":null}},"type":"if","locations":[{"start":{"line":132,"column":2},"end":{"line":137,"column":null}},{"start":{},"end":{}}],"line":132},"14":{"loc":{"start":{"line":134,"column":4},"end":{"line":135,"column":null}},"type":"if","locations":[{"start":{"line":134,"column":4},"end":{"line":135,"column":null}},{"start":{},"end":{}}],"line":134},"15":{"loc":{"start":{"line":134,"column":8},"end":{"line":134,"column":40}},"type":"binary-expr","locations":[{"start":{"line":134,"column":8},"end":{"line":134,"column":28}},{"start":{"line":134,"column":32},"end":{"line":134,"column":40}}],"line":134},"16":{"loc":{"start":{"line":141,"column":2},"end":{"line":146,"column":null}},"type":"if","locations":[{"start":{"line":141,"column":2},"end":{"line":146,"column":null}},{"start":{},"end":{}}],"line":141},"17":{"loc":{"start":{"line":143,"column":4},"end":{"line":144,"column":null}},"type":"if","locations":[{"start":{"line":143,"column":4},"end":{"line":144,"column":null}},{"start":{},"end":{}}],"line":143},"18":{"loc":{"start":{"line":143,"column":8},"end":{"line":143,"column":40}},"type":"binary-expr","locations":[{"start":{"line":143,"column":8},"end":{"line":143,"column":28}},{"start":{"line":143,"column":32},"end":{"line":143,"column":40}}],"line":143},"19":{"loc":{"start":{"line":150,"column":2},"end":{"line":157,"column":null}},"type":"if","locations":[{"start":{"line":150,"column":2},"end":{"line":157,"column":null}},{"start":{},"end":{}}],"line":150},"20":{"loc":{"start":{"line":152,"column":4},"end":{"line":155,"column":null}},"type":"if","locations":[{"start":{"line":152,"column":4},"end":{"line":155,"column":null}},{"start":{},"end":{}}],"line":152},"21":{"loc":{"start":{"line":161,"column":2},"end":{"line":162,"column":null}},"type":"if","locations":[{"start":{"line":161,"column":2},"end":{"line":162,"column":null}},{"start":{},"end":{}}],"line":161},"22":{"loc":{"start":{"line":166,"column":2},"end":{"line":167,"column":null}},"type":"if","locations":[{"start":{"line":166,"column":2},"end":{"line":167,"column":null}},{"start":{},"end":{}}],"line":166},"23":{"loc":{"start":{"line":174,"column":4},"end":{"line":183,"column":null}},"type":"if","locations":[{"start":{"line":174,"column":4},"end":{"line":183,"column":null}},{"start":{"line":182,"column":11},"end":{"line":183,"column":null}}],"line":174},"24":{"loc":{"start":{"line":175,"column":6},"end":{"line":176,"column":null}},"type":"if","locations":[{"start":{"line":175,"column":6},"end":{"line":176,"column":null}},{"start":{},"end":{}}],"line":175},"25":{"loc":{"start":{"line":178,"column":6},"end":{"line":179,"column":null}},"type":"if","locations":[{"start":{"line":178,"column":6},"end":{"line":179,"column":null}},{"start":{},"end":{}}],"line":178},"26":{"loc":{"start":{"line":188,"column":2},"end":{"line":189,"column":null}},"type":"if","locations":[{"start":{"line":188,"column":2},"end":{"line":189,"column":null}},{"start":{},"end":{}}],"line":188},"27":{"loc":{"start":{"line":193,"column":2},"end":{"line":208,"column":null}},"type":"if","locations":[{"start":{"line":193,"column":2},"end":{"line":208,"column":null}},{"start":{},"end":{}}],"line":193},"28":{"loc":{"start":{"line":196,"column":8},"end":{"line":196,"column":null}},"type":"if","locations":[{"start":{"line":196,"column":8},"end":{"line":196,"column":null}},{"start":{},"end":{}}],"line":196},"29":{"loc":{"start":{"line":196,"column":12},"end":{"line":196,"column":72}},"type":"binary-expr","locations":[{"start":{"line":196,"column":12},"end":{"line":196,"column":44}},{"start":{"line":196,"column":44},"end":{"line":196,"column":72}}],"line":196},"30":{"loc":{"start":{"line":199,"column":6},"end":{"line":199,"column":null}},"type":"if","locations":[{"start":{"line":199,"column":6},"end":{"line":199,"column":null}},{"start":{},"end":{}}],"line":199},"31":{"loc":{"start":{"line":205,"column":8},"end":{"line":206,"column":null}},"type":"if","locations":[{"start":{"line":205,"column":8},"end":{"line":206,"column":null}},{"start":{},"end":{}}],"line":205},"32":{"loc":{"start":{"line":205,"column":12},"end":{"line":205,"column":75}},"type":"binary-expr","locations":[{"start":{"line":205,"column":12},"end":{"line":205,"column":44}},{"start":{"line":205,"column":44},"end":{"line":205,"column":75}}],"line":205},"33":{"loc":{"start":{"line":215,"column":2},"end":{"line":224,"column":null}},"type":"if","locations":[{"start":{"line":215,"column":2},"end":{"line":224,"column":null}},{"start":{"line":217,"column":9},"end":{"line":224,"column":null}}],"line":215},"34":{"loc":{"start":{"line":219,"column":4},"end":{"line":224,"column":null}},"type":"if","locations":[{"start":{"line":219,"column":4},"end":{"line":224,"column":null}},{"start":{"line":223,"column":11},"end":{"line":224,"column":null}}],"line":219},"35":{"loc":{"start":{"line":220,"column":26},"end":{"line":220,"column":null}},"type":"binary-expr","locations":[{"start":{"line":220,"column":26},"end":{"line":220,"column":52}},{"start":{"line":220,"column":56},"end":{"line":220,"column":null}}],"line":220},"36":{"loc":{"start":{"line":222,"column":15},"end":{"line":222,"column":53}},"type":"binary-expr","locations":[{"start":{"line":222,"column":15},"end":{"line":222,"column":27}},{"start":{"line":222,"column":15},"end":{"line":222,"column":53}}],"line":222},"37":{"loc":{"start":{"line":234,"column":11},"end":{"line":238,"column":null}},"type":"cond-expr","locations":[{"start":{"line":235,"column":8},"end":{"line":235,"column":null}},{"start":{"line":236,"column":8},"end":{"line":238,"column":null}}],"line":234},"38":{"loc":{"start":{"line":236,"column":8},"end":{"line":238,"column":null}},"type":"cond-expr","locations":[{"start":{"line":237,"column":10},"end":{"line":237,"column":null}},{"start":{"line":238,"column":10},"end":{"line":238,"column":null}}],"line":236}},"s":{"0":2,"1":2,"2":10,"3":10,"4":21,"5":21,"6":21,"7":21,"8":101,"9":101,"10":21,"11":21,"12":21,"13":21,"14":80,"15":0,"16":0,"17":0,"18":21,"19":21,"20":21,"21":21,"22":21,"23":21,"24":21,"25":21,"26":21,"27":21,"28":21,"29":1,"30":20,"31":1,"32":19,"33":1,"34":18,"35":1,"36":17,"37":5,"38":5,"39":4,"40":1,"41":13,"42":2,"43":2,"44":1,"45":1,"46":12,"47":3,"48":3,"49":1,"50":2,"51":11,"52":0,"53":11,"54":11,"55":0,"56":11,"57":11,"58":0,"59":0,"60":0,"61":0,"62":0,"63":0,"64":11,"65":11,"66":0,"67":11,"68":0,"69":0,"70":0,"71":0,"72":0,"73":0,"74":0,"75":0,"76":0,"77":0,"78":0,"79":0,"80":0,"81":11,"82":2,"83":9,"84":9,"85":2,"86":2,"87":2,"88":7,"89":11},"f":{"0":10,"1":21,"2":0},"b":{"0":[21,80],"1":[21,0],"2":[21,21],"3":[0,80],"4":[0,0],"5":[21,0],"6":[1,20],"7":[21,2],"8":[1,19],"9":[20,3],"10":[1,18],"11":[19,2],"12":[1,17],"13":[5,12],"14":[4,1],"15":[5,3],"16":[2,11],"17":[1,1],"18":[2,1],"19":[3,9],"20":[1,2],"21":[0,11],"22":[0,11],"23":[0,0],"24":[0,0],"25":[0,0],"26":[0,11],"27":[0,11],"28":[0,0],"29":[0,0],"30":[0,0],"31":[0,0],"32":[0,0],"33":[2,9],"34":[2,7],"35":[2,0],"36":[2,0],"37":[0,11],"38":[2,9]},"meta":{"lastBranch":39,"lastFunction":3,"lastStatement":90,"seen":{"s:13:16:59:Infinity":0,"s:63:13:69:2":1,"f:71:9:71:19":0,"s:72:2:72:Infinity":2,"s:73:2:73:Infinity":3,"f:76:22:76:32":1,"s:77:18:77:39":4,"s:81:29:81:31":5,"s:82:2:92:Infinity":6,"s:82:15:82:18":7,"s:83:16:83:Infinity":8,"b:84:4:92:Infinity:90:15:92:Infinity":0,"s:84:4:92:Infinity":9,"s:85:18:85:Infinity":10,"b:86:6:88:Infinity:undefined:undefined:undefined:undefined":1,"s:86:6:88:Infinity":11,"b:86:10:86:31:86:31:86:51":2,"s:87:8:87:Infinity":12,"s:88:8:88:Infinity":13,"b:90:15:92:Infinity:undefined:undefined:undefined:undefined":3,"s:90:15:92:Infinity":14,"s:91:18:91:47":15,"b:92:6:92:Infinity:undefined:undefined:undefined:undefined":4,"s:92:6:92:Infinity":16,"s:92:15:92:Infinity":17,"s:96:8:96:49":18,"s:101:22:101:Infinity":19,"s:102:20:102:Infinity":20,"s:103:16:103:Infinity":21,"s:104:21:104:Infinity":22,"b:104:21:104:45:104:45:104:Infinity":5,"s:105:23:105:Infinity":23,"s:106:25:106:Infinity":24,"s:107:24:107:Infinity":25,"s:108:19:108:Infinity":26,"s:109:16:109:40":27,"b:112:2:113:Infinity:undefined:undefined:undefined:undefined":6,"s:112:2:113:Infinity":28,"b:112:6:112:21:112:21:112:32":7,"s:113:4:113:Infinity":29,"b:115:2:118:Infinity:undefined:undefined:undefined:undefined":8,"s:115:2:118:Infinity":30,"b:115:6:115:15:115:15:115:28":9,"s:116:4:118:Infinity":31,"b:120:2:123:Infinity:undefined:undefined:undefined:undefined":10,"s:120:2:123:Infinity":32,"b:120:6:120:15:120:15:120:26":11,"s:121:4:123:Infinity":33,"b:127:2:128:Infinity:undefined:undefined:undefined:undefined":12,"s:127:2:128:Infinity":34,"s:128:4:128:Infinity":35,"b:132:2:137:Infinity:undefined:undefined:undefined:undefined":13,"s:132:2:137:Infinity":36,"s:133:14:133:36":37,"b:134:4:135:Infinity:undefined:undefined:undefined:undefined":14,"s:134:4:135:Infinity":38,"b:134:8:134:28:134:32:134:40":15,"s:135:6:135:Infinity":39,"s:137:4:137:Infinity":40,"b:141:2:146:Infinity:undefined:undefined:undefined:undefined":16,"s:141:2:146:Infinity":41,"s:142:14:142:35":42,"b:143:4:144:Infinity:undefined:undefined:undefined:undefined":17,"s:143:4:144:Infinity":43,"b:143:8:143:28:143:32:143:40":18,"s:144:6:144:Infinity":44,"s:146:4:146:Infinity":45,"b:150:2:157:Infinity:undefined:undefined:undefined:undefined":19,"s:150:2:157:Infinity":46,"s:151:14:151:33":47,"b:152:4:155:Infinity:undefined:undefined:undefined:undefined":20,"s:152:4:155:Infinity":48,"s:153:6:155:Infinity":49,"s:157:4:157:Infinity":50,"b:161:2:162:Infinity:undefined:undefined:undefined:undefined":21,"s:161:2:162:Infinity":51,"s:162:4:162:Infinity":52,"s:165:8:165:44":53,"b:166:2:167:Infinity:undefined:undefined:undefined:undefined":22,"s:166:2:167:Infinity":54,"s:167:4:167:Infinity":55,"s:171:2:183:Infinity":56,"s:172:4:172:Infinity":57,"b:174:4:183:Infinity:182:11:183:Infinity":23,"s:174:4:183:Infinity":58,"b:175:6:176:Infinity:undefined:undefined:undefined:undefined":24,"s:175:6:176:Infinity":59,"s:176:8:176:Infinity":60,"b:178:6:179:Infinity:undefined:undefined:undefined:undefined":25,"s:178:6:179:Infinity":61,"s:179:8:179:Infinity":62,"s:183:6:183:Infinity":63,"s:187:8:187:46":64,"b:188:2:189:Infinity:undefined:undefined:undefined:undefined":26,"s:188:2:189:Infinity":65,"s:189:4:189:Infinity":66,"b:193:2:208:Infinity:undefined:undefined:undefined:undefined":27,"s:193:2:208:Infinity":67,"s:194:4:208:Infinity":68,"s:195:25:198:Infinity":69,"f:195:76:195:83":2,"b:196:8:196:Infinity:undefined:undefined:undefined:undefined":28,"s:196:8:196:Infinity":70,"b:196:12:196:44:196:44:196:72":29,"s:196:72:196:Infinity":71,"s:197:8:197:Infinity":72,"b:199:6:199:Infinity:undefined:undefined:undefined:undefined":30,"s:199:6:199:Infinity":73,"s:199:31:199:Infinity":74,"s:201:6:208:Infinity":75,"s:202:21:202:83":76,"s:203:8:203:Infinity":77,"b:205:8:206:Infinity:undefined:undefined:undefined:undefined":31,"s:205:8:206:Infinity":78,"b:205:12:205:44:205:44:205:75":32,"s:206:10:206:Infinity":79,"s:208:8:208:Infinity":80,"b:215:2:224:Infinity:217:9:224:Infinity":33,"s:215:2:224:Infinity":81,"s:216:4:216:Infinity":82,"s:218:22:218:66":83,"b:219:4:224:Infinity:223:11:224:Infinity":34,"s:219:4:224:Infinity":84,"s:220:26:220:Infinity":85,"b:220:26:220:52:220:56:220:Infinity":35,"s:221:23:221:56":86,"s:222:6:222:Infinity":87,"b:222:15:222:27:222:15:222:53":36,"s:224:6:224:Infinity":88,"s:228:2:241:Infinity":89,"b:235:8:235:Infinity:236:8:238:Infinity":37,"b:237:10:237:Infinity:238:10:238:Infinity":38}}}
,"C:\\Users\\t-wakabayashi\\source\\gitrail\\src\\cli\\index.ts": {"path":"C:\\Users\\t-wakabayashi\\source\\gitrail\\src\\cli\\index.ts","statementMap":{},"fnMap":{},"branchMap":{},"s":{},"f":{},"b":{},"meta":{"lastBranch":0,"lastFunction":0,"lastStatement":0,"seen":{}}}
,"C:\\Users\\t-wakabayashi\\source\\gitrail\\src\\core\\extractor.ts": {"path":"C:\\Users\\t-wakabayashi\\source\\gitrail\\src\\core\\extractor.ts","statementMap":{"0":{"start":{"line":12,"column":2},"end":{"line":15,"column":null}},"1":{"start":{"line":13,"column":24},"end":{"line":13,"column":null}},"2":{"start":{"line":14,"column":21},"end":{"line":14,"column":54}},"3":{"start":{"line":15,"column":4},"end":{"line":15,"column":null}},"4":{"start":{"line":17,"column":2},"end":{"line":17,"column":null}},"5":{"start":{"line":25,"column":19},"end":{"line":25,"column":56}},"6":{"start":{"line":26,"column":2},"end":{"line":45,"column":null}},"7":{"start":{"line":50,"column":21},"end":{"line":50,"column":null}},"8":{"start":{"line":51,"column":21},"end":{"line":51,"column":null}},"9":{"start":{"line":55,"column":22},"end":{"line":55,"column":39}},"10":{"start":{"line":56,"column":10},"end":{"line":56,"column":56}},"11":{"start":{"line":58,"column":22},"end":{"line":58,"column":63}},"12":{"start":{"line":59,"column":21},"end":{"line":59,"column":56}},"13":{"start":{"line":62,"column":21},"end":{"line":62,"column":46}},"14":{"start":{"line":63,"column":4},"end":{"line":87,"column":null}},"15":{"start":{"line":64,"column":6},"end":{"line":87,"column":null}},"16":{"start":{"line":65,"column":20},"end":{"line":65,"column":69}},"17":{"start":{"line":66,"column":26},"end":{"line":66,"column":41}},"18":{"start":{"line":67,"column":8},"end":{"line":68,"column":null}},"19":{"start":{"line":68,"column":10},"end":{"line":68,"column":null}},"20":{"start":{"line":70,"column":14},"end":{"line":70,"column":62}},"21":{"start":{"line":71,"column":8},"end":{"line":74,"column":null}},"22":{"start":{"line":72,"column":10},"end":{"line":74,"column":null}},"23":{"start":{"line":76,"column":8},"end":{"line":77,"column":null}},"24":{"start":{"line":77,"column":10},"end":{"line":77,"column":null}},"25":{"start":{"line":80,"column":8},"end":{"line":87,"column":null}},"26":{"start":{"line":87,"column":10},"end":{"line":87,"column":null}},"27":{"start":{"line":92,"column":19},"end":{"line":95,"column":null}},"28":{"start":{"line":98,"column":24},"end":{"line":98,"column":49}},"29":{"start":{"line":99,"column":20},"end":{"line":99,"column":37}},"30":{"start":{"line":100,"column":25},"end":{"line":100,"column":null}},"31":{"start":{"line":102,"column":4},"end":{"line":170,"column":null}},"32":{"start":{"line":103,"column":6},"end":{"line":158,"column":null}},"33":{"start":{"line":105,"column":8},"end":{"line":114,"column":null}},"34":{"start":{"line":106,"column":10},"end":{"line":106,"column":null}},"35":{"start":{"line":108,"column":10},"end":{"line":112,"column":null}},"36":{"start":{"line":109,"column":12},"end":{"line":111,"column":null}},"37":{"start":{"line":112,"column":12},"end":{"line":112,"column":null}},"38":{"start":{"line":114,"column":10},"end":{"line":114,"column":null}},"39":{"start":{"line":116,"column":8},"end":{"line":116,"column":null}},"40":{"start":{"line":120,"column":8},"end":{"line":125,"column":null}},"41":{"start":{"line":121,"column":10},"end":{"line":121,"column":null}},"42":{"start":{"line":122,"column":19},"end":{"line":125,"column":null}},"43":{"start":{"line":123,"column":27},"end":{"line":123,"column":47}},"44":{"start":{"line":124,"column":10},"end":{"line":125,"column":null}},"45":{"start":{"line":125,"column":12},"end":{"line":125,"column":null}},"46":{"start":{"line":130,"column":28},"end":{"line":141,"column":null}},"47":{"start":{"line":131,"column":10},"end":{"line":131,"column":null}},"48":{"start":{"line":131,"column":39},"end":{"line":131,"column":null}},"49":{"start":{"line":132,"column":10},"end":{"line":132,"column":null}},"50":{"start":{"line":133,"column":10},"end":{"line":135,"column":null}},"51":{"start":{"line":134,"column":12},"end":{"line":135,"column":null}},"52":{"start":{"line":135,"column":14},"end":{"line":135,"column":null}},"53":{"start":{"line":138,"column":10},"end":{"line":138,"column":null}},"54":{"start":{"line":139,"column":10},"end":{"line":139,"column":null}},"55":{"start":{"line":140,"column":10},"end":{"line":141,"column":null}},"56":{"start":{"line":141,"column":12},"end":{"line":141,"column":null}},"57":{"start":{"line":145,"column":8},"end":{"line":158,"column":null}},"58":{"start":{"line":146,"column":10},"end":{"line":147,"column":null}},"59":{"start":{"line":147,"column":12},"end":{"line":147,"column":null}},"60":{"start":{"line":150,"column":10},"end":{"line":158,"column":null}},"61":{"start":{"line":151,"column":12},"end":{"line":153,"column":null}},"62":{"start":{"line":154,"column":12},"end":{"line":155,"column":null}},"63":{"start":{"line":155,"column":14},"end":{"line":155,"column":null}},"64":{"start":{"line":158,"column":12},"end":{"line":158,"column":null}},"65":{"start":{"line":163,"column":6},"end":{"line":167,"column":null}},"66":{"start":{"line":164,"column":8},"end":{"line":167,"column":null}},"67":{"start":{"line":165,"column":10},"end":{"line":165,"column":null}},"68":{"start":{"line":166,"column":19},"end":{"line":167,"column":null}},"69":{"start":{"line":167,"column":10},"end":{"line":167,"column":null}},"70":{"start":{"line":170,"column":6},"end":{"line":170,"column":null}},"71":{"start":{"line":174,"column":4},"end":{"line":186,"column":null}},"72":{"start":{"line":175,"column":34},"end":{"line":183,"column":null}},"73":{"start":{"line":179,"column":85},"end":{"line":182,"column":null}},"74":{"start":{"line":184,"column":22},"end":{"line":184,"column":null}},"75":{"start":{"line":185,"column":6},"end":{"line":185,"column":null}},"76":{"start":{"line":186,"column":6},"end":{"line":186,"column":null}},"77":{"start":{"line":189,"column":4},"end":{"line":195,"column":null}}},"fnMap":{"0":{"name":"deriveRepoName","decl":{"start":{"line":11,"column":9},"end":{"line":11,"column":24}},"loc":{"start":{"line":11,"column":76},"end":{"line":17,"column":null}},"line":11},"1":{"name":"mapToOutputCommit","decl":{"start":{"line":20,"column":9},"end":{"line":20,"column":null}},"loc":{"start":{"line":24,"column":16},"end":{"line":45,"column":null}},"line":24},"2":{"name":"(anonymous_2)","decl":{"start":{"line":49,"column":2},"end":{"line":49,"column":null}},"loc":{"start":{"line":52,"column":4},"end":{"line":51,"column":null}},"line":52},"3":{"name":"(anonymous_3)","decl":{"start":{"line":54,"column":8},"end":{"line":54,"column":41}},"loc":{"start":{"line":54,"column":41},"end":{"line":195,"column":null}},"line":54},"4":{"name":"(anonymous_4)","decl":{"start":{"line":130,"column":28},"end":{"line":130,"column":35}},"loc":{"start":{"line":130,"column":57},"end":{"line":141,"column":null}},"line":130},"5":{"name":"(anonymous_5)","decl":{"start":{"line":179,"column":52},"end":{"line":179,"column":57}},"loc":{"start":{"line":179,"column":85},"end":{"line":182,"column":null}},"line":179}},"branchMap":{"0":{"loc":{"start":{"line":12,"column":2},"end":{"line":15,"column":null}},"type":"if","locations":[{"start":{"line":12,"column":2},"end":{"line":15,"column":null}},{"start":{},"end":{}}],"line":12},"1":{"loc":{"start":{"line":13,"column":24},"end":{"line":13,"column":null}},"type":"binary-expr","locations":[{"start":{"line":13,"column":24},"end":{"line":13,"column":50}},{"start":{"line":13,"column":54},"end":{"line":13,"column":null}}],"line":13},"2":{"loc":{"start":{"line":15,"column":11},"end":{"line":15,"column":41}},"type":"binary-expr","locations":[{"start":{"line":15,"column":11},"end":{"line":15,"column":23}},{"start":{"line":15,"column":11},"end":{"line":15,"column":41}}],"line":15},"3":{"loc":{"start":{"line":63,"column":4},"end":{"line":87,"column":null}},"type":"if","locations":[{"start":{"line":63,"column":4},"end":{"line":87,"column":null}},{"start":{},"end":{}}],"line":63},"4":{"loc":{"start":{"line":67,"column":8},"end":{"line":68,"column":null}},"type":"if","locations":[{"start":{"line":67,"column":8},"end":{"line":68,"column":null}},{"start":{},"end":{}}],"line":67},"5":{"loc":{"start":{"line":71,"column":8},"end":{"line":74,"column":null}},"type":"if","locations":[{"start":{"line":71,"column":8},"end":{"line":74,"column":null}},{"start":{},"end":{}}],"line":71},"6":{"loc":{"start":{"line":80,"column":8},"end":{"line":87,"column":null}},"type":"if","locations":[{"start":{"line":80,"column":8},"end":{"line":87,"column":null}},{"start":{"line":86,"column":15},"end":{"line":87,"column":null}}],"line":80},"7":{"loc":{"start":{"line":81,"column":10},"end":{"line":83,"column":null}},"type":"binary-expr","locations":[{"start":{"line":81,"column":10},"end":{"line":81,"column":null}},{"start":{"line":82,"column":10},"end":{"line":82,"column":null}},{"start":{"line":83,"column":11},"end":{"line":83,"column":null}}],"line":81},"8":{"loc":{"start":{"line":108,"column":10},"end":{"line":112,"column":null}},"type":"if","locations":[{"start":{"line":108,"column":10},"end":{"line":112,"column":null}},{"start":{},"end":{}}],"line":108},"9":{"loc":{"start":{"line":108,"column":14},"end":{"line":108,"column":78}},"type":"binary-expr","locations":[{"start":{"line":108,"column":14},"end":{"line":108,"column":48}},{"start":{"line":108,"column":48},"end":{"line":108,"column":78}}],"line":108},"10":{"loc":{"start":{"line":120,"column":8},"end":{"line":125,"column":null}},"type":"if","locations":[{"start":{"line":120,"column":8},"end":{"line":125,"column":null}},{"start":{"line":122,"column":19},"end":{"line":125,"column":null}}],"line":120},"11":{"loc":{"start":{"line":122,"column":19},"end":{"line":125,"column":null}},"type":"if","locations":[{"start":{"line":122,"column":19},"end":{"line":125,"column":null}},{"start":{},"end":{}}],"line":122},"12":{"loc":{"start":{"line":122,"column":19},"end":{"line":122,"column":82}},"type":"binary-expr","locations":[{"start":{"line":122,"column":19},"end":{"line":122,"column":54}},{"start":{"line":122,"column":54},"end":{"line":122,"column":82}}],"line":122},"13":{"loc":{"start":{"line":124,"column":10},"end":{"line":125,"column":null}},"type":"if","locations":[{"start":{"line":124,"column":10},"end":{"line":125,"column":null}},{"start":{},"end":{}}],"line":124},"14":{"loc":{"start":{"line":131,"column":10},"end":{"line":131,"column":null}},"type":"if","locations":[{"start":{"line":131,"column":10},"end":{"line":131,"column":null}},{"start":{},"end":{}}],"line":131},"15":{"loc":{"start":{"line":133,"column":10},"end":{"line":135,"column":null}},"type":"if","locations":[{"start":{"line":133,"column":10},"end":{"line":135,"column":null}},{"start":{},"end":{}}],"line":133},"16":{"loc":{"start":{"line":134,"column":12},"end":{"line":135,"column":null}},"type":"if","locations":[{"start":{"line":134,"column":12},"end":{"line":135,"column":null}},{"start":{},"end":{}}],"line":134},"17":{"loc":{"start":{"line":140,"column":10},"end":{"line":141,"column":null}},"type":"if","locations":[{"start":{"line":140,"column":10},"end":{"line":141,"column":null}},{"start":{},"end":{}}],"line":140},"18":{"loc":{"start":{"line":140,"column":14},"end":{"line":140,"column":64}},"type":"binary-expr","locations":[{"start":{"line":140,"column":14},"end":{"line":140,"column":36}},{"start":{"line":140,"column":36},"end":{"line":140,"column":64}}],"line":140},"19":{"loc":{"start":{"line":150,"column":10},"end":{"line":158,"column":null}},"type":"if","locations":[{"start":{"line":150,"column":10},"end":{"line":158,"column":null}},{"start":{"line":157,"column":17},"end":{"line":158,"column":null}}],"line":150},"20":{"loc":{"start":{"line":150,"column":14},"end":{"line":150,"column":81}},"type":"binary-expr","locations":[{"start":{"line":150,"column":14},"end":{"line":150,"column":48}},{"start":{"line":150,"column":48},"end":{"line":150,"column":81}}],"line":150},"21":{"loc":{"start":{"line":163,"column":6},"end":{"line":167,"column":null}},"type":"if","locations":[{"start":{"line":163,"column":6},"end":{"line":167,"column":null}},{"start":{},"end":{}}],"line":163},"22":{"loc":{"start":{"line":164,"column":8},"end":{"line":167,"column":null}},"type":"if","locations":[{"start":{"line":164,"column":8},"end":{"line":167,"column":null}},{"start":{"line":166,"column":19},"end":{"line":167,"column":null}}],"line":164},"23":{"loc":{"start":{"line":164,"column":12},"end":{"line":164,"column":62}},"type":"binary-expr","locations":[{"start":{"line":164,"column":12},"end":{"line":164,"column":34}},{"start":{"line":164,"column":34},"end":{"line":164,"column":62}}],"line":164},"24":{"loc":{"start":{"line":166,"column":19},"end":{"line":167,"column":null}},"type":"if","locations":[{"start":{"line":166,"column":19},"end":{"line":167,"column":null}},{"start":{},"end":{}}],"line":166},"25":{"loc":{"start":{"line":174,"column":4},"end":{"line":186,"column":null}},"type":"if","locations":[{"start":{"line":174,"column":4},"end":{"line":186,"column":null}},{"start":{},"end":{}}],"line":174},"26":{"loc":{"start":{"line":174,"column":8},"end":{"line":174,"column":59}},"type":"binary-expr","locations":[{"start":{"line":174,"column":8},"end":{"line":174,"column":37}},{"start":{"line":174,"column":37},"end":{"line":174,"column":59}}],"line":174}},"s":{"0":12,"1":6,"2":6,"3":6,"4":6,"5":21,"6":21,"7":12,"8":12,"9":12,"10":12,"11":12,"12":12,"13":12,"14":12,"15":5,"16":5,"17":3,"18":3,"19":0,"20":3,"21":3,"22":1,"23":2,"24":2,"25":3,"26":1,"27":11,"28":11,"29":11,"30":11,"31":11,"32":11,"33":12,"34":12,"35":0,"36":0,"37":0,"38":0,"39":12,"40":12,"41":1,"42":11,"43":10,"44":10,"45":2,"46":12,"47":25,"48":2,"49":23,"50":23,"51":3,"52":2,"53":21,"54":21,"55":21,"56":0,"57":12,"58":12,"59":25,"60":0,"61":0,"62":0,"63":0,"64":0,"65":11,"66":11,"67":9,"68":2,"69":0,"70":11,"71":11,"72":4,"73":4,"74":4,"75":4,"76":4,"77":11},"f":{"0":12,"1":21,"2":12,"3":12,"4":25,"5":4},"b":{"0":[6,6],"1":[6,0],"2":[6,0],"3":[5,7],"4":[0,3],"5":[1,2],"6":[2,1],"7":[3,3,2],"8":[0,0],"9":[0,0],"10":[1,11],"11":[10,1],"12":[11,1],"13":[2,8],"14":[2,23],"15":[3,20],"16":[2,1],"17":[0,21],"18":[21,21],"19":[0,0],"20":[0,0],"21":[11,0],"22":[9,2],"23":[11,9],"24":[0,2],"25":[4,7],"26":[11,4]},"meta":{"lastBranch":27,"lastFunction":6,"lastStatement":78,"seen":{"f:11:9:11:24":0,"b:12:2:15:Infinity:undefined:undefined:undefined:undefined":0,"s:12:2:15:Infinity":0,"s:13:24:13:Infinity":1,"b:13:24:13:50:13:54:13:Infinity":1,"s:14:21:14:54":2,"s:15:4:15:Infinity":3,"b:15:11:15:23:15:11:15:41":2,"s:17:2:17:Infinity":4,"f:20:9:20:Infinity":1,"s:25:19:25:56":5,"s:26:2:45:Infinity":6,"f:49:2:49:Infinity":2,"s:50:21:50:Infinity":7,"s:51:21:51:Infinity":8,"f:54:8:54:41":3,"s:55:22:55:39":9,"s:56:10:56:56":10,"s:58:22:58:63":11,"s:59:21:59:56":12,"s:62:21:62:46":13,"b:63:4:87:Infinity:undefined:undefined:undefined:undefined":3,"s:63:4:87:Infinity":14,"s:64:6:87:Infinity":15,"s:65:20:65:69":16,"s:66:26:66:41":17,"b:67:8:68:Infinity:undefined:undefined:undefined:undefined":4,"s:67:8:68:Infinity":18,"s:68:10:68:Infinity":19,"s:70:14:70:62":20,"b:71:8:74:Infinity:undefined:undefined:undefined:undefined":5,"s:71:8:74:Infinity":21,"s:72:10:74:Infinity":22,"s:76:8:77:Infinity":23,"s:77:10:77:Infinity":24,"b:80:8:87:Infinity:86:15:87:Infinity":6,"s:80:8:87:Infinity":25,"b:81:10:81:Infinity:82:10:82:Infinity:83:11:83:Infinity":7,"s:87:10:87:Infinity":26,"s:92:19:95:Infinity":27,"s:98:24:98:49":28,"s:99:20:99:37":29,"s:100:25:100:Infinity":30,"s:102:4:170:Infinity":31,"s:103:6:158:Infinity":32,"s:105:8:114:Infinity":33,"s:106:10:106:Infinity":34,"b:108:10:112:Infinity:undefined:undefined:undefined:undefined":8,"s:108:10:112:Infinity":35,"b:108:14:108:48:108:48:108:78":9,"s:109:12:111:Infinity":36,"s:112:12:112:Infinity":37,"s:114:10:114:Infinity":38,"s:116:8:116:Infinity":39,"b:120:8:125:Infinity:122:19:125:Infinity":10,"s:120:8:125:Infinity":40,"s:121:10:121:Infinity":41,"b:122:19:125:Infinity:undefined:undefined:undefined:undefined":11,"s:122:19:125:Infinity":42,"b:122:19:122:54:122:54:122:82":12,"s:123:27:123:47":43,"b:124:10:125:Infinity:undefined:undefined:undefined:undefined":13,"s:124:10:125:Infinity":44,"s:125:12:125:Infinity":45,"s:130:28:141:Infinity":46,"f:130:28:130:35":4,"b:131:10:131:Infinity:undefined:undefined:undefined:undefined":14,"s:131:10:131:Infinity":47,"s:131:39:131:Infinity":48,"s:132:10:132:Infinity":49,"b:133:10:135:Infinity:undefined:undefined:undefined:undefined":15,"s:133:10:135:Infinity":50,"b:134:12:135:Infinity:undefined:undefined:undefined:undefined":16,"s:134:12:135:Infinity":51,"s:135:14:135:Infinity":52,"s:138:10:138:Infinity":53,"s:139:10:139:Infinity":54,"b:140:10:141:Infinity:undefined:undefined:undefined:undefined":17,"s:140:10:141:Infinity":55,"b:140:14:140:36:140:36:140:64":18,"s:141:12:141:Infinity":56,"s:145:8:158:Infinity":57,"s:146:10:147:Infinity":58,"s:147:12:147:Infinity":59,"b:150:10:158:Infinity:157:17:158:Infinity":19,"s:150:10:158:Infinity":60,"b:150:14:150:48:150:48:150:81":20,"s:151:12:153:Infinity":61,"s:154:12:155:Infinity":62,"s:155:14:155:Infinity":63,"s:158:12:158:Infinity":64,"b:163:6:167:Infinity:undefined:undefined:undefined:undefined":21,"s:163:6:167:Infinity":65,"b:164:8:167:Infinity:166:19:167:Infinity":22,"s:164:8:167:Infinity":66,"b:164:12:164:34:164:34:164:62":23,"s:165:10:165:Infinity":67,"b:166:19:167:Infinity:undefined:undefined:undefined:undefined":24,"s:166:19:167:Infinity":68,"s:167:10:167:Infinity":69,"s:170:6:170:Infinity":70,"b:174:4:186:Infinity:undefined:undefined:undefined:undefined":25,"s:174:4:186:Infinity":71,"b:174:8:174:37:174:37:174:59":26,"s:175:34:183:Infinity":72,"f:179:52:179:57":5,"s:179:85:182:Infinity":73,"s:184:22:184:Infinity":74,"s:185:6:185:Infinity":75,"s:186:6:186:Infinity":76,"s:189:4:195:Infinity":77}}}
,"C:\\Users\\t-wakabayashi\\source\\gitrail\\src\\git\\errors.ts": {"path":"C:\\Users\\t-wakabayashi\\source\\gitrail\\src\\git\\errors.ts","statementMap":{"0":{"start":{"line":14,"column":4},"end":{"line":14,"column":null}},"1":{"start":{"line":11,"column":20},"end":{"line":11,"column":null}},"2":{"start":{"line":12,"column":29},"end":{"line":12,"column":null}},"3":{"start":{"line":15,"column":4},"end":{"line":15,"column":null}}},"fnMap":{"0":{"name":"(anonymous_0)","decl":{"start":{"line":9,"column":2},"end":{"line":9,"column":null}},"loc":{"start":{"line":13,"column":4},"end":{"line":15,"column":null}},"line":13}},"branchMap":{},"s":{"0":3,"1":3,"2":3,"3":3},"f":{"0":3},"b":{},"meta":{"lastBranch":0,"lastFunction":1,"lastStatement":4,"seen":{"f:9:2:9:Infinity":0,"s:14:4:14:Infinity":0,"s:11:20:11:Infinity":1,"s:12:29:12:Infinity":2,"s:15:4:15:Infinity":3}}}
,"C:\\Users\\t-wakabayashi\\source\\gitrail\\src\\git\\index.ts": {"path":"C:\\Users\\t-wakabayashi\\source\\gitrail\\src\\git\\index.ts","statementMap":{},"fnMap":{},"branchMap":{},"s":{},"f":{},"b":{},"meta":{"lastBranch":0,"lastFunction":0,"lastStatement":0,"seen":{}}}
,"C:\\Users\\t-wakabayashi\\source\\gitrail\\src\\git\\isomorphic-git-adapter.ts": {"path":"C:\\Users\\t-wakabayashi\\source\\gitrail\\src\\git\\isomorphic-git-adapter.ts","statementMap":{"0":{"start":{"line":13,"column":4},"end":{"line":13,"column":null}},"1":{"start":{"line":17,"column":4},"end":{"line":37,"column":null}},"2":{"start":{"line":18,"column":6},"end":{"line":18,"column":null}},"3":{"start":{"line":20,"column":6},"end":{"line":30,"column":null}},"4":{"start":{"line":21,"column":21},"end":{"line":21,"column":null}},"5":{"start":{"line":22,"column":8},"end":{"line":23,"column":null}},"6":{"start":{"line":23,"column":10},"end":{"line":23,"column":null}},"7":{"start":{"line":25,"column":8},"end":{"line":30,"column":null}},"8":{"start":{"line":30,"column":10},"end":{"line":30,"column":null}},"9":{"start":{"line":33,"column":6},"end":{"line":37,"column":null}},"10":{"start":{"line":42,"column":4},"end":{"line":57,"column":null}},"11":{"start":{"line":43,"column":18},"end":{"line":47,"column":8}},"12":{"start":{"line":48,"column":6},"end":{"line":49,"column":null}},"13":{"start":{"line":49,"column":8},"end":{"line":49,"column":null}},"14":{"start":{"line":51,"column":6},"end":{"line":51,"column":null}},"15":{"start":{"line":53,"column":6},"end":{"line":54,"column":null}},"16":{"start":{"line":54,"column":8},"end":{"line":54,"column":null}},"17":{"start":{"line":57,"column":6},"end":{"line":57,"column":null}},"18":{"start":{"line":66,"column":21},"end":{"line":68,"column":25}},"19":{"start":{"line":70,"column":28},"end":{"line":70,"column":34}},"20":{"start":{"line":71,"column":20},"end":{"line":71,"column":37}},"21":{"start":{"line":73,"column":4},"end":{"line":104,"column":null}},"22":{"start":{"line":74,"column":19},"end":{"line":74,"column":32}},"23":{"start":{"line":75,"column":6},"end":{"line":75,"column":null}},"24":{"start":{"line":75,"column":51},"end":{"line":75,"column":null}},"25":{"start":{"line":76,"column":6},"end":{"line":76,"column":null}},"26":{"start":{"line":78,"column":25},"end":{"line":82,"column":8}},"27":{"start":{"line":84,"column":6},"end":{"line":100,"column":null}},"28":{"start":{"line":102,"column":6},"end":{"line":104,"column":null}},"29":{"start":{"line":103,"column":8},"end":{"line":104,"column":null}},"30":{"start":{"line":104,"column":10},"end":{"line":104,"column":null}},"31":{"start":{"line":111,"column":22},"end":{"line":111,"column":39}},"32":{"start":{"line":112,"column":18},"end":{"line":112,"column":29}},"33":{"start":{"line":113,"column":4},"end":{"line":136,"column":null}},"34":{"start":{"line":114,"column":19},"end":{"line":114,"column":32}},"35":{"start":{"line":115,"column":6},"end":{"line":115,"column":null}},"36":{"start":{"line":115,"column":31},"end":{"line":115,"column":null}},"37":{"start":{"line":116,"column":6},"end":{"line":116,"column":null}},"38":{"start":{"line":118,"column":6},"end":{"line":133,"column":null}},"39":{"start":{"line":119,"column":27},"end":{"line":123,"column":10}},"40":{"start":{"line":124,"column":8},"end":{"line":124,"column":null}},"41":{"start":{"line":126,"column":8},"end":{"line":127,"column":null}},"42":{"start":{"line":127,"column":10},"end":{"line":127,"column":null}},"43":{"start":{"line":129,"column":8},"end":{"line":133,"column":null}},"44":{"start":{"line":135,"column":6},"end":{"line":136,"column":null}},"45":{"start":{"line":136,"column":8},"end":{"line":136,"column":null}},"46":{"start":{"line":139,"column":4},"end":{"line":139,"column":null}}},"fnMap":{"0":{"name":"(anonymous_0)","decl":{"start":{"line":12,"column":2},"end":{"line":12,"column":14}},"loc":{"start":{"line":12,"column":33},"end":{"line":13,"column":null}},"line":12},"1":{"name":"(anonymous_1)","decl":{"start":{"line":16,"column":8},"end":{"line":16,"column":19}},"loc":{"start":{"line":16,"column":67},"end":{"line":37,"column":null}},"line":16},"2":{"name":"(anonymous_2)","decl":{"start":{"line":41,"column":8},"end":{"line":41,"column":21}},"loc":{"start":{"line":41,"column":63},"end":{"line":57,"column":null}},"line":41},"3":{"name":"(anonymous_3)","decl":{"start":{"line":61,"column":9},"end":{"line":61,"column":null}},"loc":{"start":{"line":65,"column":30},"end":{"line":104,"column":null}},"line":65},"4":{"name":"(anonymous_4)","decl":{"start":{"line":110,"column":16},"end":{"line":110,"column":34}},"loc":{"start":{"line":110,"column":93},"end":{"line":139,"column":null}},"line":110}},"branchMap":{"0":{"loc":{"start":{"line":13,"column":15},"end":{"line":13,"column":null}},"type":"binary-expr","locations":[{"start":{"line":13,"column":15},"end":{"line":13,"column":26}},{"start":{"line":13,"column":26},"end":{"line":13,"column":null}}],"line":13},"1":{"loc":{"start":{"line":20,"column":6},"end":{"line":30,"column":null}},"type":"if","locations":[{"start":{"line":20,"column":6},"end":{"line":30,"column":null}},{"start":{},"end":{}}],"line":20},"2":{"loc":{"start":{"line":22,"column":8},"end":{"line":23,"column":null}},"type":"if","locations":[{"start":{"line":22,"column":8},"end":{"line":23,"column":null}},{"start":{},"end":{}}],"line":22},"3":{"loc":{"start":{"line":22,"column":12},"end":{"line":22,"column":68}},"type":"binary-expr","locations":[{"start":{"line":22,"column":12},"end":{"line":22,"column":40}},{"start":{"line":22,"column":40},"end":{"line":22,"column":68}}],"line":22},"4":{"loc":{"start":{"line":25,"column":8},"end":{"line":30,"column":null}},"type":"if","locations":[{"start":{"line":25,"column":8},"end":{"line":30,"column":null}},{"start":{},"end":{}}],"line":25},"5":{"loc":{"start":{"line":26,"column":10},"end":{"line":28,"column":40}},"type":"binary-expr","locations":[{"start":{"line":26,"column":10},"end":{"line":26,"column":null}},{"start":{"line":27,"column":10},"end":{"line":27,"column":null}},{"start":{"line":28,"column":10},"end":{"line":28,"column":40}}],"line":26},"6":{"loc":{"start":{"line":48,"column":6},"end":{"line":49,"column":null}},"type":"if","locations":[{"start":{"line":48,"column":6},"end":{"line":49,"column":null}},{"start":{},"end":{}}],"line":48},"7":{"loc":{"start":{"line":48,"column":10},"end":{"line":48,"column":45}},"type":"binary-expr","locations":[{"start":{"line":48,"column":10},"end":{"line":48,"column":31}},{"start":{"line":48,"column":31},"end":{"line":48,"column":45}}],"line":48},"8":{"loc":{"start":{"line":53,"column":6},"end":{"line":54,"column":null}},"type":"if","locations":[{"start":{"line":53,"column":6},"end":{"line":54,"column":null}},{"start":{},"end":{}}],"line":53},"9":{"loc":{"start":{"line":53,"column":10},"end":{"line":53,"column":64}},"type":"binary-expr","locations":[{"start":{"line":53,"column":10},"end":{"line":53,"column":34}},{"start":{"line":53,"column":34},"end":{"line":53,"column":64}}],"line":53},"10":{"loc":{"start":{"line":66,"column":21},"end":{"line":68,"column":25}},"type":"cond-expr","locations":[{"start":{"line":67,"column":8},"end":{"line":67,"column":59}},{"start":{"line":68,"column":8},"end":{"line":68,"column":25}}],"line":66},"11":{"loc":{"start":{"line":75,"column":6},"end":{"line":75,"column":null}},"type":"if","locations":[{"start":{"line":75,"column":6},"end":{"line":75,"column":null}},{"start":{},"end":{}}],"line":75},"12":{"loc":{"start":{"line":75,"column":10},"end":{"line":75,"column":49}},"type":"binary-expr","locations":[{"start":{"line":75,"column":10},"end":{"line":75,"column":27}},{"start":{"line":75,"column":31},"end":{"line":75,"column":49}}],"line":75},"13":{"loc":{"start":{"line":103,"column":8},"end":{"line":104,"column":null}},"type":"if","locations":[{"start":{"line":103,"column":8},"end":{"line":104,"column":null}},{"start":{},"end":{}}],"line":103},"14":{"loc":{"start":{"line":103,"column":12},"end":{"line":103,"column":57}},"type":"binary-expr","locations":[{"start":{"line":103,"column":12},"end":{"line":103,"column":32}},{"start":{"line":103,"column":36},"end":{"line":103,"column":57}}],"line":103},"15":{"loc":{"start":{"line":115,"column":6},"end":{"line":115,"column":null}},"type":"if","locations":[{"start":{"line":115,"column":6},"end":{"line":115,"column":null}},{"start":{},"end":{}}],"line":115},"16":{"loc":{"start":{"line":126,"column":8},"end":{"line":127,"column":null}},"type":"if","locations":[{"start":{"line":126,"column":8},"end":{"line":127,"column":null}},{"start":{},"end":{}}],"line":126},"17":{"loc":{"start":{"line":126,"column":12},"end":{"line":126,"column":66}},"type":"binary-expr","locations":[{"start":{"line":126,"column":12},"end":{"line":126,"column":36}},{"start":{"line":126,"column":36},"end":{"line":126,"column":66}}],"line":126}},"s":{"0":26,"1":23,"2":23,"3":0,"4":0,"5":0,"6":0,"7":0,"8":0,"9":0,"10":22,"11":22,"12":22,"13":13,"14":9,"15":0,"16":0,"17":0,"18":15,"19":15,"20":15,"21":15,"22":37,"23":37,"24":2,"25":35,"26":35,"27":35,"28":35,"29":26,"30":22,"31":5,"32":5,"33":5,"34":8,"35":8,"36":0,"37":8,"38":8,"39":8,"40":8,"41":0,"42":0,"43":0,"44":8,"45":3,"46":5},"f":{"0":26,"1":23,"2":22,"3":15,"4":5},"b":{"0":[26,10],"1":[0,0],"2":[0,0],"3":[0,0],"4":[0,0],"5":[0,0,0],"6":[13,9],"7":[22,9],"8":[0,0],"9":[0,0],"10":[5,10],"11":[2,35],"12":[37,37],"13":[22,4],"14":[26,26],"15":[0,8],"16":[0,0],"17":[0,0]},"meta":{"lastBranch":18,"lastFunction":5,"lastStatement":47,"seen":{"f:12:2:12:14":0,"s:13:4:13:Infinity":0,"b:13:15:13:26:13:26:13:Infinity":0,"f:16:8:16:19":1,"s:17:4:37:Infinity":1,"s:18:6:18:Infinity":2,"b:20:6:30:Infinity:undefined:undefined:undefined:undefined":1,"s:20:6:30:Infinity":3,"s:21:21:21:Infinity":4,"b:22:8:23:Infinity:undefined:undefined:undefined:undefined":2,"s:22:8:23:Infinity":5,"b:22:12:22:40:22:40:22:68":3,"s:23:10:23:Infinity":6,"b:25:8:30:Infinity:undefined:undefined:undefined:undefined":4,"s:25:8:30:Infinity":7,"b:26:10:26:Infinity:27:10:27:Infinity:28:10:28:40":5,"s:30:10:30:Infinity":8,"s:33:6:37:Infinity":9,"f:41:8:41:21":2,"s:42:4:57:Infinity":10,"s:43:18:47:8":11,"b:48:6:49:Infinity:undefined:undefined:undefined:undefined":6,"s:48:6:49:Infinity":12,"b:48:10:48:31:48:31:48:45":7,"s:49:8:49:Infinity":13,"s:51:6:51:Infinity":14,"b:53:6:54:Infinity:undefined:undefined:undefined:undefined":8,"s:53:6:54:Infinity":15,"b:53:10:53:34:53:34:53:64":9,"s:54:8:54:Infinity":16,"s:57:6:57:Infinity":17,"f:61:9:61:Infinity":3,"s:66:21:68:25":18,"b:67:8:67:59:68:8:68:25":10,"s:70:28:70:34":19,"s:71:20:71:37":20,"s:73:4:104:Infinity":21,"s:74:19:74:32":22,"b:75:6:75:Infinity:undefined:undefined:undefined:undefined":11,"s:75:6:75:Infinity":23,"b:75:10:75:27:75:31:75:49":12,"s:75:51:75:Infinity":24,"s:76:6:76:Infinity":25,"s:78:25:82:8":26,"s:84:6:100:Infinity":27,"s:102:6:104:Infinity":28,"b:103:8:104:Infinity:undefined:undefined:undefined:undefined":13,"s:103:8:104:Infinity":29,"b:103:12:103:32:103:36:103:57":14,"s:104:10:104:Infinity":30,"f:110:16:110:34":4,"s:111:22:111:39":31,"s:112:18:112:29":32,"s:113:4:136:Infinity":33,"s:114:19:114:32":34,"b:115:6:115:Infinity:undefined:undefined:undefined:undefined":15,"s:115:6:115:Infinity":35,"s:115:31:115:Infinity":36,"s:116:6:116:Infinity":37,"s:118:6:133:Infinity":38,"s:119:27:123:10":39,"s:124:8:124:Infinity":40,"b:126:8:127:Infinity:undefined:undefined:undefined:undefined":16,"s:126:8:127:Infinity":41,"b:126:12:126:36:126:36:126:66":17,"s:127:10:127:Infinity":42,"s:129:8:133:Infinity":43,"s:135:6:136:Infinity":44,"s:136:8:136:Infinity":45,"s:139:4:139:Infinity":46}}}
,"C:\\Users\\t-wakabayashi\\source\\gitrail\\src\\output\\index.ts": {"path":"C:\\Users\\t-wakabayashi\\source\\gitrail\\src\\output\\index.ts","statementMap":{},"fnMap":{},"branchMap":{},"s":{},"f":{},"b":{},"meta":{"lastBranch":0,"lastFunction":0,"lastStatement":0,"seen":{}}}
,"C:\\Users\\t-wakabayashi\\source\\gitrail\\src\\output\\utils.ts": {"path":"C:\\Users\\t-wakabayashi\\source\\gitrail\\src\\output\\utils.ts","statementMap":{"0":{"start":{"line":4,"column":24},"end":{"line":4,"column":null}},"1":{"start":{"line":5,"column":21},"end":{"line":5,"column":null}},"2":{"start":{"line":6,"column":20},"end":{"line":6,"column":43}},"3":{"start":{"line":7,"column":19},"end":{"line":7,"column":70}},"4":{"start":{"line":8,"column":19},"end":{"line":8,"column":58}},"5":{"start":{"line":9,"column":20},"end":{"line":9,"column":null}},"6":{"start":{"line":11,"column":8},"end":{"line":11,"column":null}},"7":{"start":{"line":12,"column":12},"end":{"line":12,"column":29}},"8":{"start":{"line":13,"column":15},"end":{"line":13,"column":33}},"9":{"start":{"line":14,"column":13},"end":{"line":14,"column":57}},"10":{"start":{"line":15,"column":13},"end":{"line":15,"column":52}},"11":{"start":{"line":16,"column":13},"end":{"line":16,"column":53}},"12":{"start":{"line":17,"column":13},"end":{"line":17,"column":55}},"13":{"start":{"line":18,"column":13},"end":{"line":18,"column":55}},"14":{"start":{"line":19,"column":2},"end":{"line":19,"column":null}},"15":{"start":{"line":30,"column":16},"end":{"line":30,"column":35}},"16":{"start":{"line":31,"column":18},"end":{"line":31,"column":null}},"17":{"start":{"line":32,"column":15},"end":{"line":32,"column":47}},"18":{"start":{"line":33,"column":2},"end":{"line":33,"column":null}}},"fnMap":{"0":{"name":"toISO8601","decl":{"start":{"line":1,"column":16},"end":{"line":1,"column":26}},"loc":{"start":{"line":1,"column":77},"end":{"line":19,"column":null}},"line":1},"1":{"name":"splitMessage","decl":{"start":{"line":29,"column":16},"end":{"line":29,"column":29}},"loc":{"start":{"line":29,"column":81},"end":{"line":33,"column":null}},"line":29}},"branchMap":{"0":{"loc":{"start":{"line":5,"column":21},"end":{"line":5,"column":null}},"type":"cond-expr","locations":[{"start":{"line":5,"column":42},"end":{"line":5,"column":48}},{"start":{"line":5,"column":48},"end":{"line":5,"column":null}}],"line":5},"1":{"loc":{"start":{"line":31,"column":18},"end":{"line":31,"column":null}},"type":"binary-expr","locations":[{"start":{"line":31,"column":18},"end":{"line":31,"column":30}},{"start":{"line":31,"column":30},"end":{"line":31,"column":null}}],"line":31}},"s":{"0":46,"1":46,"2":46,"3":46,"4":46,"5":46,"6":46,"7":46,"8":46,"9":46,"10":46,"11":46,"12":46,"13":46,"14":46,"15":25,"16":25,"17":25,"18":25},"f":{"0":46,"1":25},"b":{"0":[45,1],"1":[25,0]},"meta":{"lastBranch":2,"lastFunction":2,"lastStatement":19,"seen":{"f:1:16:1:26":0,"s:4:24:4:Infinity":0,"s:5:21:5:Infinity":1,"b:5:42:5:48:5:48:5:Infinity":0,"s:6:20:6:43":2,"s:7:19:7:70":3,"s:8:19:8:58":4,"s:9:20:9:Infinity":5,"s:11:8:11:Infinity":6,"s:12:12:12:29":7,"s:13:15:13:33":8,"s:14:13:14:57":9,"s:15:13:15:52":10,"s:16:13:16:53":11,"s:17:13:17:55":12,"s:18:13:18:55":13,"s:19:2:19:Infinity":14,"f:29:16:29:29":1,"s:30:16:30:35":15,"s:31:18:31:Infinity":16,"b:31:18:31:30:31:30:31:Infinity":1,"s:32:15:32:47":17,"s:33:2:33:Infinity":18}}}
,"C:\\Users\\t-wakabayashi\\source\\gitrail\\src\\output\\writer.ts": {"path":"C:\\Users\\t-wakabayashi\\source\\gitrail\\src\\output\\writer.ts","statementMap":{"0":{"start":{"line":9,"column":16},"end":{"line":9,"column":null}},"1":{"start":{"line":10,"column":38},"end":{"line":10,"column":null}},"2":{"start":{"line":11,"column":22},"end":{"line":11,"column":null}},"3":{"start":{"line":12,"column":22},"end":{"line":12,"column":null}},"4":{"start":{"line":13,"column":30},"end":{"line":13,"column":null}},"5":{"start":{"line":16,"column":21},"end":{"line":16,"column":null}},"6":{"start":{"line":17,"column":21},"end":{"line":17,"column":null}},"7":{"start":{"line":18,"column":21},"end":{"line":18,"column":null}},"8":{"start":{"line":22,"column":4},"end":{"line":22,"column":null}},"9":{"start":{"line":26,"column":4},"end":{"line":26,"column":null}},"10":{"start":{"line":30,"column":4},"end":{"line":30,"column":null}},"11":{"start":{"line":31,"column":19},"end":{"line":31,"column":52}},"12":{"start":{"line":32,"column":21},"end":{"line":32,"column":null}},"13":{"start":{"line":33,"column":10},"end":{"line":33,"column":51}},"14":{"start":{"line":34,"column":19},"end":{"line":34,"column":44}},"15":{"start":{"line":35,"column":4},"end":{"line":35,"column":null}},"16":{"start":{"line":36,"column":4},"end":{"line":36,"column":null}},"17":{"start":{"line":37,"column":4},"end":{"line":37,"column":null}},"18":{"start":{"line":38,"column":4},"end":{"line":38,"column":null}},"19":{"start":{"line":42,"column":19},"end":{"line":42,"column":56}},"20":{"start":{"line":43,"column":17},"end":{"line":43,"column":null}},"21":{"start":{"line":44,"column":18},"end":{"line":44,"column":49}},"22":{"start":{"line":45,"column":4},"end":{"line":45,"column":null}},"23":{"start":{"line":46,"column":4},"end":{"line":46,"column":null}},"24":{"start":{"line":47,"column":4},"end":{"line":47,"column":null}},"25":{"start":{"line":48,"column":4},"end":{"line":48,"column":null}},"26":{"start":{"line":51,"column":6},"end":{"line":51,"column":null}},"27":{"start":{"line":53,"column":6},"end":{"line":53,"column":null}},"28":{"start":{"line":54,"column":4},"end":{"line":56,"column":null}},"29":{"start":{"line":55,"column":6},"end":{"line":55,"column":null}},"30":{"start":{"line":56,"column":6},"end":{"line":56,"column":null}},"31":{"start":{"line":61,"column":4},"end":{"line":63,"column":null}},"32":{"start":{"line":62,"column":6},"end":{"line":62,"column":null}},"33":{"start":{"line":63,"column":6},"end":{"line":63,"column":null}}},"fnMap":{"0":{"name":"(anonymous_0)","decl":{"start":{"line":15,"column":2},"end":{"line":15,"column":null}},"loc":{"start":{"line":19,"column":4},"end":{"line":18,"column":null}},"line":19},"1":{"name":"(anonymous_1)","decl":{"start":{"line":21,"column":6},"end":{"line":21,"column":29}},"loc":{"start":{"line":21,"column":29},"end":{"line":22,"column":null}},"line":21},"2":{"name":"(anonymous_2)","decl":{"start":{"line":25,"column":6},"end":{"line":25,"column":29}},"loc":{"start":{"line":25,"column":29},"end":{"line":26,"column":null}},"line":25},"3":{"name":"(anonymous_3)","decl":{"start":{"line":29,"column":16},"end":{"line":29,"column":48}},"loc":{"start":{"line":29,"column":48},"end":{"line":38,"column":null}},"line":29},"4":{"name":"(anonymous_4)","decl":{"start":{"line":41,"column":8},"end":{"line":41,"column":14}},"loc":{"start":{"line":41,"column":51},"end":{"line":56,"column":null}},"line":41},"5":{"name":"(anonymous_5)","decl":{"start":{"line":60,"column":8},"end":{"line":60,"column":31}},"loc":{"start":{"line":60,"column":31},"end":{"line":63,"column":null}},"line":60}},"branchMap":{"0":{"loc":{"start":{"line":42,"column":19},"end":{"line":42,"column":56}},"type":"binary-expr","locations":[{"start":{"line":42,"column":19},"end":{"line":42,"column":35}},{"start":{"line":42,"column":35},"end":{"line":42,"column":56}}],"line":42},"1":{"loc":{"start":{"line":51,"column":6},"end":{"line":51,"column":null}},"type":"binary-expr","locations":[{"start":{"line":51,"column":6},"end":{"line":51,"column":46}},{"start":{"line":51,"column":46},"end":{"line":51,"column":null}}],"line":51},"2":{"loc":{"start":{"line":53,"column":6},"end":{"line":53,"column":null}},"type":"binary-expr","locations":[{"start":{"line":53,"column":6},"end":{"line":53,"column":46}},{"start":{"line":53,"column":46},"end":{"line":53,"column":null}}],"line":53},"3":{"loc":{"start":{"line":54,"column":4},"end":{"line":56,"column":null}},"type":"if","locations":[{"start":{"line":54,"column":4},"end":{"line":56,"column":null}},{"start":{},"end":{}}],"line":54},"4":{"loc":{"start":{"line":54,"column":8},"end":{"line":54,"column":40}},"type":"binary-expr","locations":[{"start":{"line":54,"column":8},"end":{"line":54,"column":25}},{"start":{"line":54,"column":25},"end":{"line":54,"column":40}}],"line":54},"5":{"loc":{"start":{"line":61,"column":4},"end":{"line":63,"column":null}},"type":"if","locations":[{"start":{"line":61,"column":4},"end":{"line":63,"column":null}},{"start":{},"end":{}}],"line":61}},"s":{"0":17,"1":17,"2":17,"3":17,"4":17,"5":17,"6":17,"7":17,"8":11,"9":11,"10":20,"11":20,"12":20,"13":20,"14":20,"15":20,"16":20,"17":20,"18":20,"19":35,"20":20,"21":20,"22":20,"23":35,"24":35,"25":35,"26":35,"27":35,"28":35,"29":6,"30":6,"31":17,"32":14,"33":14},"f":{"0":17,"1":11,"2":11,"3":20,"4":35,"5":17},"b":{"0":[35,20],"1":[35,12],"2":[35,5],"3":[6,29],"4":[35,31],"5":[14,3]},"meta":{"lastBranch":6,"lastFunction":6,"lastStatement":34,"seen":{"s:9:16:9:Infinity":0,"s:10:38:10:Infinity":1,"s:11:22:11:Infinity":2,"s:12:22:12:Infinity":3,"s:13:30:13:Infinity":4,"f:15:2:15:Infinity":0,"s:16:21:16:Infinity":5,"s:17:21:17:Infinity":6,"s:18:21:18:Infinity":7,"f:21:6:21:29":1,"s:22:4:22:Infinity":8,"f:25:6:25:29":2,"s:26:4:26:Infinity":9,"f:29:16:29:48":3,"s:30:4:30:Infinity":10,"s:31:19:31:52":11,"s:32:21:32:Infinity":12,"s:33:10:33:51":13,"s:34:19:34:44":14,"s:35:4:35:Infinity":15,"s:36:4:36:Infinity":16,"s:37:4:37:Infinity":17,"s:38:4:38:Infinity":18,"f:41:8:41:14":4,"s:42:19:42:56":19,"b:42:19:42:35:42:35:42:56":0,"s:43:17:43:Infinity":20,"s:44:18:44:49":21,"s:45:4:45:Infinity":22,"s:46:4:46:Infinity":23,"s:47:4:47:Infinity":24,"s:48:4:48:Infinity":25,"s:51:6:51:Infinity":26,"b:51:6:51:46:51:46:51:Infinity":1,"s:53:6:53:Infinity":27,"b:53:6:53:46:53:46:53:Infinity":2,"b:54:4:56:Infinity:undefined:undefined:undefined:undefined":3,"s:54:4:56:Infinity":28,"b:54:8:54:25:54:25:54:40":4,"s:55:6:55:Infinity":29,"s:56:6:56:Infinity":30,"f:60:8:60:31":5,"b:61:4:63:Infinity:undefined:undefined:undefined:undefined":5,"s:61:4:63:Infinity":31,"s:62:6:62:Infinity":32,"s:63:6:63:Infinity":33}}}
}
